#
# There is insufficient memory for the Java Runtime Environment to continue.
# Native memory allocation (malloc) failed to allocate 447696 bytes. Error detail: Chunk::new
# Possible reasons:
#   The system is out of physical RAM or swap space
#   This process is running with CompressedOops enabled, and the Java Heap may be blocking the growth of the native heap
# Possible solutions:
#   Reduce memory load on the system
#   Increase physical memory or swap space
#   Check if swap backing store is full
#   Decrease Java heap size (-Xmx/-Xms)
#   Decrease number of Java threads
#   Decrease Java thread stack sizes (-Xss)
#   Set larger code cache with -XX:ReservedCodeCacheSize=
#   JVM is running with Unscaled Compressed Oops mode in which the Java heap is
#     placed in the first 4GB address space. The Java Heap base address is the
#     maximum limit for the native heap growth. Please use -XX:HeapBaseMinAddress
#     to set the Java Heap base and to place the Java Heap above 4GB virtual address.
# This output file may be truncated or incomplete.
#
#  Out of Memory Error (arena.cpp:191), pid=8692, tid=7756
#
# JRE version: OpenJDK Runtime Environment Microsoft-11369865 (17.0.15+6) (build 17.0.15+6-LTS)
# Java VM: OpenJDK 64-Bit Server VM Microsoft-11369865 (17.0.15+6-LTS, mixed mode, sharing, tiered, compressed oops, compressed class ptrs, g1 gc, windows-amd64)
# No core dump will be written. Minidumps are not enabled by default on client versions of Windows
#

---------------  S U M M A R Y ------------

Command Line: -Xmx64m -Xms64m -Dorg.gradle.appname=gradlew org.gradle.wrapper.GradleWrapperMain assembleRelease --warning-mode all

Host: Intel(R) Core(TM) i5-7200U CPU @ 2.50GHz, 4 cores, 7G,  Windows 10 , 64 bit Build 19041 (10.0.19041.5794)
Time: Sat May 17 01:05:43 2025 SE Asia Standard Time elapsed time: 0.660638 seconds (0d 0h 0m 0s)

---------------  T H R E A D  ---------------

Current thread (0x00000166cda00fa0):  JavaThread "C2 CompilerThread0" daemon [_thread_in_native, id=7756, stack(0x0000005b7d200000,0x0000005b7d300000)]


Current CompileTask:
C2:    660  521       4       java.util.HashSet::add (20 bytes)

Stack: [0x0000005b7d200000,0x0000005b7d300000]
Native frames: (J=compiled Java code, j=interpreted, Vv=VM code, C=native code)
V  [jvm.dll+0x6887a9]
V  [jvm.dll+0x83f5a8]
V  [jvm.dll+0x841053]
V  [jvm.dll+0x8416c3]
V  [jvm.dll+0x2496ef]
V  [jvm.dll+0xad134]
V  [jvm.dll+0xad7cc]
V  [jvm.dll+0x36aedf]
V  [jvm.dll+0x335513]
V  [jvm.dll+0x3349aa]
V  [jvm.dll+0x21a908]
V  [jvm.dll+0x219d3f]
V  [jvm.dll+0x1a55f6]
V  [jvm.dll+0x22a39a]
V  [jvm.dll+0x2284db]
V  [jvm.dll+0x7f4e28]
V  [jvm.dll+0x7ef2dc]
V  [jvm.dll+0x687687]
C  [ucrtbase.dll+0x21bb2]
C  [KERNEL32.DLL+0x17374]
C  [ntdll.dll+0x4cc91]


---------------  P R O C E S S  ---------------

Threads class SMR info:
_java_thread_list=0x00000166cdb16530, length=12, elements={
0x00000166b483d020, 0x00000166cd9dde80, 0x00000166cd9ded00, 0x00000166cd9f68e0,
0x00000166cd9f7760, 0x00000166cd9fb140, 0x00000166cd9fc2a0, 0x00000166cda00fa0,
0x00000166cda09ed0, 0x00000166cda1d4a0, 0x00000166cdb38520, 0x00000166cdb58e60
}

Java Threads: ( => current thread )
  0x00000166b483d020 JavaThread "main" [_thread_in_native, id=12624, stack(0x0000005b7c500000,0x0000005b7c600000)]
  0x00000166cd9dde80 JavaThread "Reference Handler" daemon [_thread_blocked, id=13508, stack(0x0000005b7cc00000,0x0000005b7cd00000)]
  0x00000166cd9ded00 JavaThread "Finalizer" daemon [_thread_blocked, id=5616, stack(0x0000005b7cd00000,0x0000005b7ce00000)]
  0x00000166cd9f68e0 JavaThread "Signal Dispatcher" daemon [_thread_blocked, id=7256, stack(0x0000005b7ce00000,0x0000005b7cf00000)]
  0x00000166cd9f7760 JavaThread "Attach Listener" daemon [_thread_blocked, id=5244, stack(0x0000005b7cf00000,0x0000005b7d000000)]
  0x00000166cd9fb140 JavaThread "Service Thread" daemon [_thread_blocked, id=3800, stack(0x0000005b7d000000,0x0000005b7d100000)]
  0x00000166cd9fc2a0 JavaThread "Monitor Deflation Thread" daemon [_thread_blocked, id=3888, stack(0x0000005b7d100000,0x0000005b7d200000)]
=>0x00000166cda00fa0 JavaThread "C2 CompilerThread0" daemon [_thread_in_native, id=7756, stack(0x0000005b7d200000,0x0000005b7d300000)]
  0x00000166cda09ed0 JavaThread "C1 CompilerThread0" daemon [_thread_blocked, id=4288, stack(0x0000005b7d300000,0x0000005b7d400000)]
  0x00000166cda1d4a0 JavaThread "Sweeper thread" daemon [_thread_blocked, id=984, stack(0x0000005b7d400000,0x0000005b7d500000)]
  0x00000166cdb38520 JavaThread "Notification Thread" daemon [_thread_blocked, id=1856, stack(0x0000005b7d500000,0x0000005b7d600000)]
  0x00000166cdb58e60 JavaThread "Common-Cleaner" daemon [_thread_blocked, id=3480, stack(0x0000005b7d700000,0x0000005b7d800000)]

Other Threads:
  0x00000166cd9da140 VMThread "VM Thread" [stack: 0x0000005b7cb00000,0x0000005b7cc00000] [id=9836]
  0x00000166cdb58a10 WatcherThread [stack: 0x0000005b7d600000,0x0000005b7d700000] [id=10368]
  0x00000166b485d660 GCTaskThread "GC Thread#0" [stack: 0x0000005b7c600000,0x0000005b7c700000] [id=11124]
  0x00000166cdcf5f20 GCTaskThread "GC Thread#1" [stack: 0x0000005b7d800000,0x0000005b7d900000] [id=32]
  0x00000166cdd240f0 GCTaskThread "GC Thread#2" [stack: 0x0000005b7d900000,0x0000005b7da00000] [id=9596]
  0x00000166cdd243b0 GCTaskThread "GC Thread#3" [stack: 0x0000005b7da00000,0x0000005b7db00000] [id=1756]
  0x00000166b485edb0 ConcurrentGCThread "G1 Main Marker" [stack: 0x0000005b7c700000,0x0000005b7c800000] [id=11740]
  0x00000166b485f7d0 ConcurrentGCThread "G1 Conc#0" [stack: 0x0000005b7c800000,0x0000005b7c900000] [id=2212]
  0x00000166b48b0b60 ConcurrentGCThread "G1 Refine#0" [stack: 0x0000005b7c900000,0x0000005b7ca00000] [id=5716]
  0x00000166b48b1590 ConcurrentGCThread "G1 Service" [stack: 0x0000005b7ca00000,0x0000005b7cb00000] [id=9236]

Threads with active compile tasks:
C2 CompilerThread0      712  521       4       java.util.HashSet::add (20 bytes)

VM state: not at safepoint (normal execution)

VM Mutex/Monitor currently owned by a thread: None

Heap address: 0x00000000fc000000, size: 64 MB, Compressed Oops mode: 32-bit

CDS archive(s) mapped at: [0x00000166ce000000-0x00000166cebb0000-0x00000166cebb0000), size 12255232, SharedBaseAddress: 0x00000166ce000000, ArchiveRelocationMode: 1.
Compressed class space mapped at: 0x00000166cf000000-0x000001670f000000, reserved size: 1073741824
Narrow klass base: 0x00000166ce000000, Narrow klass shift: 0, Narrow klass range: 0x100000000

GC Precious Log:
 CPUs: 4 total, 4 available
 Memory: 8060M
 Large Page Support: Disabled
 NUMA Support: Disabled
 Compressed Oops: Enabled (32-bit)
 Heap Region Size: 1M
 Heap Min Capacity: 64M
 Heap Initial Capacity: 64M
 Heap Max Capacity: 64M
 Pre-touch: Disabled
 Parallel Workers: 4
 Concurrent Workers: 1
 Concurrent Refinement Workers: 4
 Periodic GC: Disabled

Heap:
 garbage-first heap   total 65536K, used 10752K [0x00000000fc000000, 0x0000000100000000)
  region size 1024K, 12 young (12288K), 2 survivors (2048K)
 Metaspace       used 1809K, committed 1920K, reserved 1114112K
  class space    used 162K, committed 192K, reserved 1048576K

Heap Regions: E=young(eden), S=young(survivor), O=old, HS=humongous(starts), HC=humongous(continues), CS=collection set, F=free, OA=open archive, CA=closed archive, TAMS=top-at-mark-start (previous, next)
|   0|0x00000000fc000000, 0x00000000fc000000, 0x00000000fc100000|  0%| F|  |TAMS 0x00000000fc000000, 0x00000000fc000000| Untracked 
|   1|0x00000000fc100000, 0x00000000fc100000, 0x00000000fc200000|  0%| F|  |TAMS 0x00000000fc100000, 0x00000000fc100000| Untracked 
|   2|0x00000000fc200000, 0x00000000fc200000, 0x00000000fc300000|  0%| F|  |TAMS 0x00000000fc200000, 0x00000000fc200000| Untracked 
|   3|0x00000000fc300000, 0x00000000fc300000, 0x00000000fc400000|  0%| F|  |TAMS 0x00000000fc300000, 0x00000000fc300000| Untracked 
|   4|0x00000000fc400000, 0x00000000fc400000, 0x00000000fc500000|  0%| F|  |TAMS 0x00000000fc400000, 0x00000000fc400000| Untracked 
|   5|0x00000000fc500000, 0x00000000fc500000, 0x00000000fc600000|  0%| F|  |TAMS 0x00000000fc500000, 0x00000000fc500000| Untracked 
|   6|0x00000000fc600000, 0x00000000fc600000, 0x00000000fc700000|  0%| F|  |TAMS 0x00000000fc600000, 0x00000000fc600000| Untracked 
|   7|0x00000000fc700000, 0x00000000fc700000, 0x00000000fc800000|  0%| F|  |TAMS 0x00000000fc700000, 0x00000000fc700000| Untracked 
|   8|0x00000000fc800000, 0x00000000fc800000, 0x00000000fc900000|  0%| F|  |TAMS 0x00000000fc800000, 0x00000000fc800000| Untracked 
|   9|0x00000000fc900000, 0x00000000fc900000, 0x00000000fca00000|  0%| F|  |TAMS 0x00000000fc900000, 0x00000000fc900000| Untracked 
|  10|0x00000000fca00000, 0x00000000fca00000, 0x00000000fcb00000|  0%| F|  |TAMS 0x00000000fca00000, 0x00000000fca00000| Untracked 
|  11|0x00000000fcb00000, 0x00000000fcb00000, 0x00000000fcc00000|  0%| F|  |TAMS 0x00000000fcb00000, 0x00000000fcb00000| Untracked 
|  12|0x00000000fcc00000, 0x00000000fcc00000, 0x00000000fcd00000|  0%| F|  |TAMS 0x00000000fcc00000, 0x00000000fcc00000| Untracked 
|  13|0x00000000fcd00000, 0x00000000fcd00000, 0x00000000fce00000|  0%| F|  |TAMS 0x00000000fcd00000, 0x00000000fcd00000| Untracked 
|  14|0x00000000fce00000, 0x00000000fce00000, 0x00000000fcf00000|  0%| F|  |TAMS 0x00000000fce00000, 0x00000000fce00000| Untracked 
|  15|0x00000000fcf00000, 0x00000000fcf00000, 0x00000000fd000000|  0%| F|  |TAMS 0x00000000fcf00000, 0x00000000fcf00000| Untracked 
|  16|0x00000000fd000000, 0x00000000fd000000, 0x00000000fd100000|  0%| F|  |TAMS 0x00000000fd000000, 0x00000000fd000000| Untracked 
|  17|0x00000000fd100000, 0x00000000fd100000, 0x00000000fd200000|  0%| F|  |TAMS 0x00000000fd100000, 0x00000000fd100000| Untracked 
|  18|0x00000000fd200000, 0x00000000fd200000, 0x00000000fd300000|  0%| F|  |TAMS 0x00000000fd200000, 0x00000000fd200000| Untracked 
|  19|0x00000000fd300000, 0x00000000fd300000, 0x00000000fd400000|  0%| F|  |TAMS 0x00000000fd300000, 0x00000000fd300000| Untracked 
|  20|0x00000000fd400000, 0x00000000fd400000, 0x00000000fd500000|  0%| F|  |TAMS 0x00000000fd400000, 0x00000000fd400000| Untracked 
|  21|0x00000000fd500000, 0x00000000fd500000, 0x00000000fd600000|  0%| F|  |TAMS 0x00000000fd500000, 0x00000000fd500000| Untracked 
|  22|0x00000000fd600000, 0x00000000fd600000, 0x00000000fd700000|  0%| F|  |TAMS 0x00000000fd600000, 0x00000000fd600000| Untracked 
|  23|0x00000000fd700000, 0x00000000fd700000, 0x00000000fd800000|  0%| F|  |TAMS 0x00000000fd700000, 0x00000000fd700000| Untracked 
|  24|0x00000000fd800000, 0x00000000fd800000, 0x00000000fd900000|  0%| F|  |TAMS 0x00000000fd800000, 0x00000000fd800000| Untracked 
|  25|0x00000000fd900000, 0x00000000fd900000, 0x00000000fda00000|  0%| F|  |TAMS 0x00000000fd900000, 0x00000000fd900000| Untracked 
|  26|0x00000000fda00000, 0x00000000fda00000, 0x00000000fdb00000|  0%| F|  |TAMS 0x00000000fda00000, 0x00000000fda00000| Untracked 
|  27|0x00000000fdb00000, 0x00000000fdb00000, 0x00000000fdc00000|  0%| F|  |TAMS 0x00000000fdb00000, 0x00000000fdb00000| Untracked 
|  28|0x00000000fdc00000, 0x00000000fdc00000, 0x00000000fdd00000|  0%| F|  |TAMS 0x00000000fdc00000, 0x00000000fdc00000| Untracked 
|  29|0x00000000fdd00000, 0x00000000fdd00000, 0x00000000fde00000|  0%| F|  |TAMS 0x00000000fdd00000, 0x00000000fdd00000| Untracked 
|  30|0x00000000fde00000, 0x00000000fde00000, 0x00000000fdf00000|  0%| F|  |TAMS 0x00000000fde00000, 0x00000000fde00000| Untracked 
|  31|0x00000000fdf00000, 0x00000000fdf00000, 0x00000000fe000000|  0%| F|  |TAMS 0x00000000fdf00000, 0x00000000fdf00000| Untracked 
|  32|0x00000000fe000000, 0x00000000fe000000, 0x00000000fe100000|  0%| F|  |TAMS 0x00000000fe000000, 0x00000000fe000000| Untracked 
|  33|0x00000000fe100000, 0x00000000fe100000, 0x00000000fe200000|  0%| F|  |TAMS 0x00000000fe100000, 0x00000000fe100000| Untracked 
|  34|0x00000000fe200000, 0x00000000fe200000, 0x00000000fe300000|  0%| F|  |TAMS 0x00000000fe200000, 0x00000000fe200000| Untracked 
|  35|0x00000000fe300000, 0x00000000fe300000, 0x00000000fe400000|  0%| F|  |TAMS 0x00000000fe300000, 0x00000000fe300000| Untracked 
|  36|0x00000000fe400000, 0x00000000fe400000, 0x00000000fe500000|  0%| F|  |TAMS 0x00000000fe400000, 0x00000000fe400000| Untracked 
|  37|0x00000000fe500000, 0x00000000fe500000, 0x00000000fe600000|  0%| F|  |TAMS 0x00000000fe500000, 0x00000000fe500000| Untracked 
|  38|0x00000000fe600000, 0x00000000fe600000, 0x00000000fe700000|  0%| F|  |TAMS 0x00000000fe600000, 0x00000000fe600000| Untracked 
|  39|0x00000000fe700000, 0x00000000fe700000, 0x00000000fe800000|  0%| F|  |TAMS 0x00000000fe700000, 0x00000000fe700000| Untracked 
|  40|0x00000000fe800000, 0x00000000fe800000, 0x00000000fe900000|  0%| F|  |TAMS 0x00000000fe800000, 0x00000000fe800000| Untracked 
|  41|0x00000000fe900000, 0x00000000fe900000, 0x00000000fea00000|  0%| F|  |TAMS 0x00000000fe900000, 0x00000000fe900000| Untracked 
|  42|0x00000000fea00000, 0x00000000fea00000, 0x00000000feb00000|  0%| F|  |TAMS 0x00000000fea00000, 0x00000000fea00000| Untracked 
|  43|0x00000000feb00000, 0x00000000feb00000, 0x00000000fec00000|  0%| F|  |TAMS 0x00000000feb00000, 0x00000000feb00000| Untracked 
|  44|0x00000000fec00000, 0x00000000fec00000, 0x00000000fed00000|  0%| F|  |TAMS 0x00000000fec00000, 0x00000000fec00000| Untracked 
|  45|0x00000000fed00000, 0x00000000fed00000, 0x00000000fee00000|  0%| F|  |TAMS 0x00000000fed00000, 0x00000000fed00000| Untracked 
|  46|0x00000000fee00000, 0x00000000fee00000, 0x00000000fef00000|  0%| F|  |TAMS 0x00000000fee00000, 0x00000000fee00000| Untracked 
|  47|0x00000000fef00000, 0x00000000fef00000, 0x00000000ff000000|  0%| F|  |TAMS 0x00000000fef00000, 0x00000000fef00000| Untracked 
|  48|0x00000000ff000000, 0x00000000ff000000, 0x00000000ff100000|  0%| F|  |TAMS 0x00000000ff000000, 0x00000000ff000000| Untracked 
|  49|0x00000000ff100000, 0x00000000ff180000, 0x00000000ff200000| 50%| S|CS|TAMS 0x00000000ff100000, 0x00000000ff100000| Complete 
|  50|0x00000000ff200000, 0x00000000ff300000, 0x00000000ff300000|100%| S|CS|TAMS 0x00000000ff200000, 0x00000000ff200000| Complete 
|  51|0x00000000ff300000, 0x00000000ff300000, 0x00000000ff400000|  0%| F|  |TAMS 0x00000000ff300000, 0x00000000ff300000| Untracked 
|  52|0x00000000ff400000, 0x00000000ff400000, 0x00000000ff500000|  0%| F|  |TAMS 0x00000000ff400000, 0x00000000ff400000| Untracked 
|  53|0x00000000ff500000, 0x00000000ff500000, 0x00000000ff600000|  0%| F|  |TAMS 0x00000000ff500000, 0x00000000ff500000| Untracked 
|  54|0x00000000ff600000, 0x00000000ff6d5470, 0x00000000ff700000| 83%| E|  |TAMS 0x00000000ff600000, 0x00000000ff600000| Complete 
|  55|0x00000000ff700000, 0x00000000ff800000, 0x00000000ff800000|100%| E|CS|TAMS 0x00000000ff700000, 0x00000000ff700000| Complete 
|  56|0x00000000ff800000, 0x00000000ff900000, 0x00000000ff900000|100%| E|CS|TAMS 0x00000000ff800000, 0x00000000ff800000| Complete 
|  57|0x00000000ff900000, 0x00000000ffa00000, 0x00000000ffa00000|100%| E|CS|TAMS 0x00000000ff900000, 0x00000000ff900000| Complete 
|  58|0x00000000ffa00000, 0x00000000ffb00000, 0x00000000ffb00000|100%| E|CS|TAMS 0x00000000ffa00000, 0x00000000ffa00000| Complete 
|  59|0x00000000ffb00000, 0x00000000ffc00000, 0x00000000ffc00000|100%| E|CS|TAMS 0x00000000ffb00000, 0x00000000ffb00000| Complete 
|  60|0x00000000ffc00000, 0x00000000ffd00000, 0x00000000ffd00000|100%| E|CS|TAMS 0x00000000ffc00000, 0x00000000ffc00000| Complete 
|  61|0x00000000ffd00000, 0x00000000ffe00000, 0x00000000ffe00000|100%| E|CS|TAMS 0x00000000ffd00000, 0x00000000ffd00000| Complete 
|  62|0x00000000ffe00000, 0x00000000fff00000, 0x00000000fff00000|100%| E|CS|TAMS 0x00000000ffe00000, 0x00000000ffe00000| Complete 
|  63|0x00000000fff00000, 0x0000000100000000, 0x0000000100000000|100%| E|CS|TAMS 0x00000000fff00000, 0x00000000fff00000| Complete 

Card table byte_map: [0x00000166b26e0000,0x00000166b2700000] _byte_map_base: 0x00000166b1f00000

Marking Bits (Prev, Next): (CMBitMap*) 0x00000166b485dc80, (CMBitMap*) 0x00000166b485dcc0
 Prev Bits: [0x00000166b4620000, 0x00000166b4720000)
 Next Bits: [0x00000166cb390000, 0x00000166cb490000)

Polling page: 0x00000166b2590000

Metaspace:

Usage:
  Non-class:      1.61 MB used.
      Class:    162.74 KB used.
       Both:      1.77 MB used.

Virtual space:
  Non-class space:       64.00 MB reserved,       1.69 MB (  3%) committed,  1 nodes.
      Class space:        1.00 GB reserved,     192.00 KB ( <1%) committed,  1 nodes.
             Both:        1.06 GB reserved,       1.88 MB ( <1%) committed. 

Chunk freelists:
   Non-Class:  11.71 MB
       Class:  15.69 MB
        Both:  27.41 MB

MaxMetaspaceSize: unlimited
CompressedClassSpaceSize: 1.00 GB
Initial GC threshold: 21.00 MB
Current GC threshold: 21.00 MB
CDS: on
MetaspaceReclaimPolicy: balanced
 - commit_granule_bytes: 65536.
 - commit_granule_words: 8192.
 - virtual_space_node_default_size: 8388608.
 - enlarge_chunks_in_place: 1.
 - new_chunks_are_fully_committed: 0.
 - uncommit_free_chunks: 1.
 - use_allocation_guard: 0.
 - handle_deallocations: 1.


Internal statistics:

num_allocs_failed_limit: 0.
num_arena_births: 14.
num_arena_deaths: 0.
num_vsnodes_births: 2.
num_vsnodes_deaths: 0.
num_space_committed: 30.
num_space_uncommitted: 0.
num_chunks_returned_to_freelist: 0.
num_chunks_taken_from_freelist: 42.
num_chunk_merges: 0.
num_chunk_splits: 22.
num_chunks_enlarged: 14.
num_inconsistent_stats: 0.

CodeHeap 'non-profiled nmethods': size=120000Kb used=210Kb max_used=210Kb free=119790Kb
 bounds [0x00000166c3e60000, 0x00000166c40d0000, 0x00000166cb390000]
CodeHeap 'profiled nmethods': size=120000Kb used=1043Kb max_used=1043Kb free=118956Kb
 bounds [0x00000166bc390000, 0x00000166bc600000, 0x00000166c38c0000]
CodeHeap 'non-nmethods': size=5760Kb used=1120Kb max_used=1141Kb free=4639Kb
 bounds [0x00000166c38c0000, 0x00000166c3b30000, 0x00000166c3e60000]
 total_blobs=996 nmethods=594 adapters=315
 compilation: enabled
              stopped_count=0, restarted_count=0
 full_count=0

Compilation events (20 events):
Event: 0.628 Thread 0x00000166cda09ed0 nmethod 531 0x00000166bc468810 code [0x00000166bc468a60, 0x00000166bc469318]
Event: 0.630 Thread 0x00000166cda09ed0  534       3       java.io.File::equals (28 bytes)
Event: 0.630 Thread 0x00000166cda09ed0 nmethod 534 0x00000166bc469710 code [0x00000166bc469900, 0x00000166bc469f48]
Event: 0.630 Thread 0x00000166cda09ed0  535       3       java.io.File::compareTo (9 bytes)
Event: 0.631 Thread 0x00000166cda09ed0 nmethod 535 0x00000166bc46a110 code [0x00000166bc46a2e0, 0x00000166bc46a5a8]
Event: 0.631 Thread 0x00000166cda09ed0  536       3       java.io.WinNTFileSystem::compare (12 bytes)
Event: 0.631 Thread 0x00000166cda09ed0 nmethod 536 0x00000166bc46a710 code [0x00000166bc46a8c0, 0x00000166bc46ab08]
Event: 0.631 Thread 0x00000166cda09ed0  538       3       java.lang.String$CaseInsensitiveComparator::compare (68 bytes)
Event: 0.632 Thread 0x00000166cda09ed0 nmethod 538 0x00000166bc46ac90 code [0x00000166bc46aea0, 0x00000166bc46b338]
Event: 0.638 Thread 0x00000166cda09ed0  542       3       java.util.Optional::orElse (16 bytes)
Event: 0.639 Thread 0x00000166cda09ed0 nmethod 542 0x00000166bc46b510 code [0x00000166bc46b6a0, 0x00000166bc46b818]
Event: 0.639 Thread 0x00000166cda09ed0  543       1       java.nio.Buffer::limit (5 bytes)
Event: 0.639 Thread 0x00000166cda09ed0 nmethod 543 0x00000166c3e91690 code [0x00000166c3e91820, 0x00000166c3e918f8]
Event: 0.639 Thread 0x00000166cda09ed0  545   !   3       java.nio.DirectByteBuffer::get (34 bytes)
Event: 0.640 Thread 0x00000166cda09ed0 nmethod 545 0x00000166bc46b890 code [0x00000166bc46bac0, 0x00000166bc46c2f8]
Event: 0.640 Thread 0x00000166cda09ed0  548   !   3       jdk.internal.misc.ScopedMemoryAccess::getByteInternal (36 bytes)
Event: 0.640 Thread 0x00000166cda09ed0 nmethod 548 0x00000166bc46c790 code [0x00000166bc46c940, 0x00000166bc46cba8]
Event: 0.640 Thread 0x00000166cda09ed0  546       3       java.nio.DirectByteBuffer::ix (10 bytes)
Event: 0.640 Thread 0x00000166cda09ed0 nmethod 546 0x00000166bc46cd10 code [0x00000166bc46cea0, 0x00000166bc46cfb8]
Event: 0.640 Thread 0x00000166cda09ed0  549       3       jdk.internal.jimage.ImageStringsReader::unmaskedHashCode (166 bytes)

GC Heap History (2 events):
Event: 0.466 GC heap before
{Heap before GC invocations=0 (full 0):
 garbage-first heap   total 65536K, used 12288K [0x00000000fc000000, 0x0000000100000000)
  region size 1024K, 13 young (13312K), 0 survivors (0K)
 Metaspace       used 1654K, committed 1792K, reserved 1114112K
  class space    used 158K, committed 192K, reserved 1048576K
}
Event: 0.471 GC heap after
{Heap after GC invocations=1 (full 0):
 garbage-first heap   total 65536K, used 1536K [0x00000000fc000000, 0x0000000100000000)
  region size 1024K, 2 young (2048K), 2 survivors (2048K)
 Metaspace       used 1654K, committed 1792K, reserved 1114112K
  class space    used 158K, committed 192K, reserved 1048576K
}

Dll operation events (7 events):
Event: 0.009 Loaded shared library C:\Program Files\Microsoft\jdk-17.0.15.6-hotspot\bin\java.dll
Event: 0.029 Loaded shared library C:\Program Files\Microsoft\jdk-17.0.15.6-hotspot\bin\jsvml.dll
Event: 0.072 Loaded shared library C:\Program Files\Microsoft\jdk-17.0.15.6-hotspot\bin\net.dll
Event: 0.075 Loaded shared library C:\Program Files\Microsoft\jdk-17.0.15.6-hotspot\bin\nio.dll
Event: 0.078 Loaded shared library C:\Program Files\Microsoft\jdk-17.0.15.6-hotspot\bin\zip.dll
Event: 0.084 Loaded shared library C:\Program Files\Microsoft\jdk-17.0.15.6-hotspot\bin\verify.dll
Event: 0.638 Loaded shared library C:\Program Files\Microsoft\jdk-17.0.15.6-hotspot\bin\jimage.dll

Deoptimization events (20 events):
Event: 0.587 Thread 0x00000166b483d020 Uncommon trap: trap_request=0xffffffde fr.pc=0x00000166c3e8e458 relative=0x00000000000006f8
Event: 0.587 Thread 0x00000166b483d020 Uncommon trap: reason=class_check action=maybe_recompile pc=0x00000166c3e8e458 method=java.util.HashMap.putVal(ILjava/lang/Object;Ljava/lang/Object;ZZ)Ljava/lang/Object; @ 253 c2
Event: 0.587 Thread 0x00000166b483d020 DEOPT PACKING pc=0x00000166c3e8e458 sp=0x0000005b7c5fe540
Event: 0.587 Thread 0x00000166b483d020 DEOPT UNPACKING pc=0x00000166c39169a3 sp=0x0000005b7c5fe4d0 mode 2
Event: 0.587 Thread 0x00000166b483d020 Uncommon trap: trap_request=0xffffffde fr.pc=0x00000166c3e8e458 relative=0x00000000000006f8
Event: 0.587 Thread 0x00000166b483d020 Uncommon trap: reason=class_check action=maybe_recompile pc=0x00000166c3e8e458 method=java.util.HashMap.putVal(ILjava/lang/Object;Ljava/lang/Object;ZZ)Ljava/lang/Object; @ 253 c2
Event: 0.587 Thread 0x00000166b483d020 DEOPT PACKING pc=0x00000166c3e8e458 sp=0x0000005b7c5fe640
Event: 0.587 Thread 0x00000166b483d020 DEOPT UNPACKING pc=0x00000166c39169a3 sp=0x0000005b7c5fe5d0 mode 2
Event: 0.587 Thread 0x00000166b483d020 Uncommon trap: trap_request=0xffffffde fr.pc=0x00000166c3e8e458 relative=0x00000000000006f8
Event: 0.587 Thread 0x00000166b483d020 Uncommon trap: reason=class_check action=maybe_recompile pc=0x00000166c3e8e458 method=java.util.HashMap.putVal(ILjava/lang/Object;Ljava/lang/Object;ZZ)Ljava/lang/Object; @ 253 c2
Event: 0.587 Thread 0x00000166b483d020 DEOPT PACKING pc=0x00000166c3e8e458 sp=0x0000005b7c5fe640
Event: 0.587 Thread 0x00000166b483d020 DEOPT UNPACKING pc=0x00000166c39169a3 sp=0x0000005b7c5fe5d0 mode 2
Event: 0.610 Thread 0x00000166b483d020 Uncommon trap: trap_request=0xffffffde fr.pc=0x00000166c3e8f2ec relative=0x000000000000078c
Event: 0.610 Thread 0x00000166b483d020 Uncommon trap: reason=class_check action=maybe_recompile pc=0x00000166c3e8f2ec method=java.util.HashMap.putVal(ILjava/lang/Object;Ljava/lang/Object;ZZ)Ljava/lang/Object; @ 253 c2
Event: 0.610 Thread 0x00000166b483d020 DEOPT PACKING pc=0x00000166c3e8f2ec sp=0x0000005b7c5fe6c0
Event: 0.610 Thread 0x00000166b483d020 DEOPT UNPACKING pc=0x00000166c39169a3 sp=0x0000005b7c5fe5d0 mode 2
Event: 0.618 Thread 0x00000166b483d020 Uncommon trap: trap_request=0xffffff45 fr.pc=0x00000166c3e908d8 relative=0x0000000000000e78
Event: 0.618 Thread 0x00000166b483d020 Uncommon trap: reason=unstable_if action=reinterpret pc=0x00000166c3e908d8 method=java.util.HashMap.putVal(ILjava/lang/Object;Ljava/lang/Object;ZZ)Ljava/lang/Object; @ 81 c2
Event: 0.618 Thread 0x00000166b483d020 DEOPT PACKING pc=0x00000166c3e908d8 sp=0x0000005b7c5fe8e0
Event: 0.618 Thread 0x00000166b483d020 DEOPT UNPACKING pc=0x00000166c39169a3 sp=0x0000005b7c5fe860 mode 2

Classes loaded (20 events):
Event: 0.192 Loading class sun/net/www/MessageHeader
Event: 0.193 Loading class sun/net/www/MessageHeader done
Event: 0.193 Loading class java/io/FilePermission$1
Event: 0.193 Loading class jdk/internal/access/JavaIOFilePermissionAccess
Event: 0.193 Loading class jdk/internal/access/JavaIOFilePermissionAccess done
Event: 0.193 Loading class java/io/FilePermission$1 done
Event: 0.193 Loading class java/io/FilePermissionCollection
Event: 0.194 Loading class java/io/FilePermissionCollection done
Event: 0.194 Loading class java/util/Vector
Event: 0.195 Loading class java/util/Vector done
Event: 0.195 Loading class java/io/FilePermissionCollection$1
Event: 0.195 Loading class java/io/FilePermissionCollection$1 done
Event: 0.215 Loading class java/net/MalformedURLException
Event: 0.215 Loading class java/net/MalformedURLException done
Event: 0.217 Loading class java/io/FileFilter
Event: 0.217 Loading class java/io/FileFilter done
Event: 0.244 Loading class java/util/AbstractList$Itr
Event: 0.244 Loading class java/util/AbstractList$Itr done
Event: 0.266 Loading class java/lang/invoke/DirectMethodHandle$Special
Event: 0.267 Loading class java/lang/invoke/DirectMethodHandle$Special done

Classes unloaded (0 events):
No events

Classes redefined (0 events):
No events

Internal exceptions (1 events):
Event: 0.209 Thread 0x00000166b483d020 Exception <a 'java/lang/NoSuchMethodError'{0x00000000ffde6b80}: 'int java.lang.invoke.DirectMethodHandle$Holder.invokeStaticInit(java.lang.Object, java.lang.Object)'> (0x00000000ffde6b80) 
thrown [s\src\hotspot\share\interpreter\linkResolver.cpp, line 759]

VM Operations (4 events):
Event: 0.080 Executing VM operation: HandshakeAllThreads
Event: 0.080 Executing VM operation: HandshakeAllThreads done
Event: 0.466 Executing VM operation: G1CollectForAllocation
Event: 0.471 Executing VM operation: G1CollectForAllocation done

Memory protections (0 events):
No events

Nmethod flushes (0 events):
No events

Events (12 events):
Event: 0.029 Thread 0x00000166b483d020 Thread added: 0x00000166b483d020
Event: 0.032 Thread 0x00000166b483d020 Thread added: 0x00000166cd9dde80
Event: 0.032 Thread 0x00000166b483d020 Thread added: 0x00000166cd9ded00
Event: 0.044 Thread 0x00000166b483d020 Thread added: 0x00000166cd9f68e0
Event: 0.044 Thread 0x00000166b483d020 Thread added: 0x00000166cd9f7760
Event: 0.044 Thread 0x00000166b483d020 Thread added: 0x00000166cd9fb140
Event: 0.044 Thread 0x00000166b483d020 Thread added: 0x00000166cd9fc2a0
Event: 0.044 Thread 0x00000166b483d020 Thread added: 0x00000166cda00fa0
Event: 0.044 Thread 0x00000166b483d020 Thread added: 0x00000166cda09ed0
Event: 0.045 Thread 0x00000166b483d020 Thread added: 0x00000166cda1d4a0
Event: 0.066 Thread 0x00000166b483d020 Thread added: 0x00000166cdb38520
Event: 0.069 Thread 0x00000166b483d020 Thread added: 0x00000166cdb58e60


Dynamic libraries:
0x00007ff7bf1c0000 - 0x00007ff7bf1ce000 	C:\Program Files\Microsoft\jdk-17.0.15.6-hotspot\bin\java.exe
0x00007ffac0710000 - 0x00007ffac0908000 	C:\WINDOWS\SYSTEM32\ntdll.dll
0x00007ffabfd60000 - 0x00007ffabfe22000 	C:\WINDOWS\System32\KERNEL32.DLL
0x00007ffabe440000 - 0x00007ffabe736000 	C:\WINDOWS\System32\KERNELBASE.dll
0x00007ffabe1b0000 - 0x00007ffabe2b0000 	C:\WINDOWS\System32\ucrtbase.dll
0x00007ffab94a0000 - 0x00007ffab94b7000 	C:\Program Files\Microsoft\jdk-17.0.15.6-hotspot\bin\jli.dll
0x00007ffab94c0000 - 0x00007ffab94dd000 	C:\Program Files\Microsoft\jdk-17.0.15.6-hotspot\bin\VCRUNTIME140.dll
0x00007ffabe830000 - 0x00007ffabe9cd000 	C:\WINDOWS\System32\USER32.dll
0x00007ffaa4880000 - 0x00007ffaa4b1a000 	C:\WINDOWS\WinSxS\amd64_microsoft.windows.common-controls_6595b64144ccf1df_6.0.19041.5794_none_60bcd33171f2783c\COMCTL32.dll
0x00007ffabe410000 - 0x00007ffabe432000 	C:\WINDOWS\System32\win32u.dll
0x00007ffabf570000 - 0x00007ffabf60e000 	C:\WINDOWS\System32\msvcrt.dll
0x00007ffabe740000 - 0x00007ffabe76b000 	C:\WINDOWS\System32\GDI32.dll
0x00007ffabe090000 - 0x00007ffabe1aa000 	C:\WINDOWS\System32\gdi32full.dll
0x00007ffabdf60000 - 0x00007ffabdffd000 	C:\WINDOWS\System32\msvcp_win.dll
0x00007ffabf2a0000 - 0x00007ffabf2cf000 	C:\WINDOWS\System32\IMM32.DLL
0x00007ffabb3e0000 - 0x00007ffabb3ec000 	C:\Program Files\Microsoft\jdk-17.0.15.6-hotspot\bin\vcruntime140_1.dll
0x00007ffab6d00000 - 0x00007ffab6d8d000 	C:\Program Files\Microsoft\jdk-17.0.15.6-hotspot\bin\msvcp140.dll
0x00007ffa8a9c0000 - 0x00007ffa8b632000 	C:\Program Files\Microsoft\jdk-17.0.15.6-hotspot\bin\server\jvm.dll
0x00007ffabea80000 - 0x00007ffabeb2f000 	C:\WINDOWS\System32\ADVAPI32.dll
0x00007ffabe9d0000 - 0x00007ffabea6f000 	C:\WINDOWS\System32\sechost.dll
0x00007ffabf2d0000 - 0x00007ffabf3f3000 	C:\WINDOWS\System32\RPCRT4.dll
0x00007ffabdf30000 - 0x00007ffabdf57000 	C:\WINDOWS\System32\bcrypt.dll
0x00007ffabf610000 - 0x00007ffabf67b000 	C:\WINDOWS\System32\WS2_32.dll
0x00007ffabd2f0000 - 0x00007ffabd33b000 	C:\WINDOWS\SYSTEM32\POWRPROF.dll
0x00007ffaac5b0000 - 0x00007ffaac5d7000 	C:\WINDOWS\SYSTEM32\WINMM.dll
0x00007ffab7c50000 - 0x00007ffab7c5a000 	C:\WINDOWS\SYSTEM32\VERSION.dll
0x00007ffabd1b0000 - 0x00007ffabd1c2000 	C:\WINDOWS\SYSTEM32\UMPDC.dll
0x00007ffabbc30000 - 0x00007ffabbc42000 	C:\WINDOWS\SYSTEM32\kernel.appcore.dll
0x00007ffaba850000 - 0x00007ffaba85a000 	C:\Program Files\Microsoft\jdk-17.0.15.6-hotspot\bin\jimage.dll
0x00007ffa9db30000 - 0x00007ffa9dd31000 	C:\WINDOWS\SYSTEM32\DBGHELP.DLL
0x00007ffa9daf0000 - 0x00007ffa9db24000 	C:\WINDOWS\SYSTEM32\dbgcore.DLL
0x00007ffabe000000 - 0x00007ffabe082000 	C:\WINDOWS\System32\bcryptPrimitives.dll
0x00007ffab9470000 - 0x00007ffab9495000 	C:\Program Files\Microsoft\jdk-17.0.15.6-hotspot\bin\java.dll
0x00007ffab6a10000 - 0x00007ffab6ae6000 	C:\Program Files\Microsoft\jdk-17.0.15.6-hotspot\bin\jsvml.dll
0x00007ffabeb30000 - 0x00007ffabf29e000 	C:\WINDOWS\System32\SHELL32.dll
0x00007ffabbe30000 - 0x00007ffabc5d3000 	C:\WINDOWS\SYSTEM32\windows.storage.dll
0x00007ffabf680000 - 0x00007ffabf9d3000 	C:\WINDOWS\System32\combase.dll
0x00007ffabd7e0000 - 0x00007ffabd80b000 	C:\WINDOWS\SYSTEM32\Wldp.dll
0x00007ffabf490000 - 0x00007ffabf55d000 	C:\WINDOWS\System32\OLEAUT32.dll
0x00007ffabfcb0000 - 0x00007ffabfd5d000 	C:\WINDOWS\System32\SHCORE.dll
0x00007ffabe7d0000 - 0x00007ffabe825000 	C:\WINDOWS\System32\shlwapi.dll
0x00007ffabdce0000 - 0x00007ffabdd05000 	C:\WINDOWS\SYSTEM32\profapi.dll
0x00007ffab9420000 - 0x00007ffab943a000 	C:\Program Files\Microsoft\jdk-17.0.15.6-hotspot\bin\net.dll
0x00007ffab59f0000 - 0x00007ffab5afa000 	C:\WINDOWS\SYSTEM32\WINHTTP.dll
0x00007ffabd540000 - 0x00007ffabd5ac000 	C:\WINDOWS\system32\mswsock.dll
0x00007ffab9400000 - 0x00007ffab9416000 	C:\Program Files\Microsoft\jdk-17.0.15.6-hotspot\bin\nio.dll
0x00007ffab93e0000 - 0x00007ffab93f8000 	C:\Program Files\Microsoft\jdk-17.0.15.6-hotspot\bin\zip.dll
0x00007ffaba800000 - 0x00007ffaba810000 	C:\Program Files\Microsoft\jdk-17.0.15.6-hotspot\bin\verify.dll

dbghelp: loaded successfully - version: 4.0.5 - missing functions: none
symbol engine: initialized successfully - sym options: 0x614 - pdb path: .;C:\Program Files\Microsoft\jdk-17.0.15.6-hotspot\bin;C:\WINDOWS\SYSTEM32;C:\WINDOWS\WinSxS\amd64_microsoft.windows.common-controls_6595b64144ccf1df_6.0.19041.5794_none_60bcd33171f2783c;C:\Program Files\Microsoft\jdk-17.0.15.6-hotspot\bin\server

VM Arguments:
jvm_args: -Xmx64m -Xms64m -Dorg.gradle.appname=gradlew 
java_command: org.gradle.wrapper.GradleWrapperMain assembleRelease --warning-mode all
java_class_path (initial): C:\Users\Fanny\Documents\volleyApps\android\\gradle\wrapper\gradle-wrapper.jar
Launcher Type: SUN_STANDARD

[Global flags]
     intx CICompilerCount                          = 3                                         {product} {ergonomic}
     uint ConcGCThreads                            = 1                                         {product} {ergonomic}
     uint G1ConcRefinementThreads                  = 4                                         {product} {ergonomic}
   size_t G1HeapRegionSize                         = 1048576                                   {product} {ergonomic}
    uintx GCDrainStackTargetSize                   = 64                                        {product} {ergonomic}
   size_t InitialHeapSize                          = 67108864                                  {product} {command line}
   size_t MarkStackSize                            = 4194304                                   {product} {ergonomic}
   size_t MaxHeapSize                              = 67108864                                  {product} {command line}
   size_t MaxNewSize                               = 39845888                                  {product} {ergonomic}
   size_t MinHeapDeltaBytes                        = 1048576                                   {product} {ergonomic}
   size_t MinHeapSize                              = 67108864                                  {product} {command line}
    uintx NonNMethodCodeHeapSize                   = 5832780                                {pd product} {ergonomic}
    uintx NonProfiledCodeHeapSize                  = 122912730                              {pd product} {ergonomic}
    uintx ProfiledCodeHeapSize                     = 122912730                              {pd product} {ergonomic}
    uintx ReservedCodeCacheSize                    = 251658240                              {pd product} {ergonomic}
     bool SegmentedCodeCache                       = true                                      {product} {ergonomic}
   size_t SoftMaxHeapSize                          = 67108864                               {manageable} {ergonomic}
     bool UseCompressedClassPointers               = true                           {product lp64_product} {ergonomic}
     bool UseCompressedOops                        = true                           {product lp64_product} {ergonomic}
     bool UseG1GC                                  = true                                      {product} {ergonomic}
     bool UseLargePagesIndividualAllocation        = false                                  {pd product} {ergonomic}

Logging:
Log output configuration:
 #0: stdout all=warning uptime,level,tags
 #1: stderr all=off uptime,level,tags

Environment Variables:
JAVA_HOME=C:\Program Files\Microsoft\jdk-17.0.15.6-hotspot\
CLASSPATH=C:\Users\Fanny\Documents\volleyApps\android\\gradle\wrapper\gradle-wrapper.jar
PATH=C:\Program Files\Microsoft\jdk-17.0.15.6-hotspot\bin;C:\Program Files\Common Files\Oracle\Java\javapath;C:\WINDOWS\system32;C:\WINDOWS;C:\WINDOWS\System32\Wbem;C:\WINDOWS\System32\WindowsPowerShell\v1.0\;C:\WINDOWS\System32\OpenSSH\;C:\Program Files\nodejs\;C:\Program Files\Git\cmd;C:\ProgramData\chocolatey\bin;C:\Program Files (x86)\cloudflared\;C:\Users\Fanny\AppData\Local\Android\Sdk\platform-tools;C:\Users\Fanny\AppData\Local\Microsoft\WindowsApps;C:\Users\Fanny\AppData\Roaming\npm;C:\Users\Fanny\AppData\Local\Programs\Microsoft VS Code\bin;C:\Users\Fanny\AppData\Local\Android\Sdk\platform-tools;C:\Users\Fanny\AppData\Local\GitHubDesktop\bin
USERNAME=Fanny
OS=Windows_NT
PROCESSOR_IDENTIFIER=Intel64 Family 6 Model 142 Stepping 9, GenuineIntel
TMP=C:\Users\Fanny\AppData\Local\Temp
TEMP=C:\Users\Fanny\AppData\Local\Temp



Periodic native trim disabled


---------------  S Y S T E M  ---------------

OS:
 Windows 10 , 64 bit Build 19041 (10.0.19041.5794)
OS uptime: 0 days 3:23 hours

CPU: total 4 (initial active 4) (2 cores per cpu, 2 threads per core) family 6 model 142 stepping 9 microcode 0xb4, cx8, cmov, fxsr, ht, mmx, 3dnowpref, sse, sse2, sse3, ssse3, sse4.1, sse4.2, popcnt, lzcnt, tsc, tscinvbit, avx, avx2, aes, erms, clmul, bmi1, bmi2, adx, fma, vzeroupper, clflush, clflushopt
Processor Information for the first 4 processors :
  Max Mhz: 2712, Current Mhz: 2511, Mhz Limit: 2495

Memory: 4k page, system-wide physical 8060M (354M free)
TotalPageFile size 23242M (AvailPageFile size 3M)
current process WorkingSet (physical memory assigned to process): 55M, peak: 55M
current process commit charge ("private bytes"): 140M, peak: 140M

vm_info: OpenJDK 64-Bit Server VM (17.0.15+6-LTS) for windows-amd64 JRE (17.0.15+6-LTS), built on Apr  9 2025 22:27:25 by "MicrosoftCorporation" with unknown MS VC++:1939

END.
